[Licensing::Module] Trying to connect to existing licensing client channel...
Built from '6000.2/respin/6000.2.7f1-2eb0c79396db' branch; Version is '6000.2.7f2 (2b518236b676) revision 2838914'; Using compiler version '194234433'; Build Type 'Release'
[Licensing::IpcConnector] Successfully connected to: "LicenseClient-Brian" at "2025-10-22T02:46:48.8725428Z"
OS: 'Windows 11  (10.0.26100) 64bit Core' Language: 'en' Physical Memory: 32515 MB
BatchMode: 1, IsHumanControllingUs: 0, StartBugReporterOnCrash: 0, Is64bit: 1
Date: 2025-10-22T02:46:48Z

COMMAND LINE ARGUMENTS:
C:\Program Files\Unity\Hub\Editor\6000.2.7f2\Editor\Unity.exe
-adb2
-batchMode
-noUpm
-name
AssetImportWorker4
-projectPath
C:/Users/Brian/Downloads/KitsunePrototype
-logFile
Logs/AssetImportWorker4.log
-srvPort
62934
-licensingIpc
LicenseClient-Brian
-job-worker-count
7
-background-job-worker-count
8
-gc-helper-count
1
-name
AssetImport
Successfully changed project path to: C:/Users/Brian/Downloads/KitsunePrototype
C:/Users/Brian/Downloads/KitsunePrototype
[UnityMemory] Configuration Parameters - Can be set up in boot.config
    "memorysetup-allocator-temp-initial-block-size-main=262144"
    "memorysetup-allocator-temp-initial-block-size-worker=262144"
    "memorysetup-bucket-allocator-granularity=16"
    "memorysetup-bucket-allocator-bucket-count=8"
    "memorysetup-bucket-allocator-block-size=33554432"
    "memorysetup-bucket-allocator-block-count=8"
    "memorysetup-main-allocator-block-size=16777216"
    "memorysetup-thread-allocator-block-size=16777216"
    "memorysetup-gfx-main-allocator-block-size=16777216"
    "memorysetup-gfx-thread-allocator-block-size=16777216"
    "memorysetup-cache-allocator-block-size=4194304"
    "memorysetup-typetree-allocator-block-size=2097152"
    "memorysetup-profiler-bucket-allocator-granularity=16"
    "memorysetup-profiler-bucket-allocator-bucket-count=8"
    "memorysetup-profiler-bucket-allocator-block-size=33554432"
    "memorysetup-profiler-bucket-allocator-block-count=8"
    "memorysetup-profiler-allocator-block-size=16777216"
    "memorysetup-profiler-editor-allocator-block-size=1048576"
    "memorysetup-temp-allocator-size-main=16777216"
    "memorysetup-job-temp-allocator-block-size=2097152"
    "memorysetup-job-temp-allocator-block-size-background=1048576"
    "memorysetup-job-temp-allocator-reduction-small-platforms=262144"
    "memorysetup-temp-allocator-size-background-worker=32768"
    "memorysetup-temp-allocator-size-job-worker=262144"
    "memorysetup-temp-allocator-size-preload-manager=33554432"
    "memorysetup-temp-allocator-size-nav-mesh-worker=65536"
    "memorysetup-temp-allocator-size-audio-worker=65536"
    "memorysetup-temp-allocator-size-cloud-worker=32768"
    "memorysetup-temp-allocator-size-gi-baking-worker=262144"
    "memorysetup-temp-allocator-size-gi-baking-worker=262144"
    "memorysetup-temp-allocator-size-gi-baking-worker=262144"
    "memorysetup-temp-allocator-size-gi-baking-worker=262144"
    "memorysetup-temp-allocator-size-gi-baking-worker=262144"
    "memorysetup-temp-allocator-size-gfx=262144"
Player connection [30320]  Target information:

Player connection [30320]  * "[IP] 192.168.0.194 [Port] 0 [Flags] 2 [Guid] 4057171848 [EditorId] 4057171848 [Version] 1048832 [Id] WindowsEditor(7,LAPTOP-0M0IND93) [Debug] 1 [PackageName] WindowsEditor [ProjectName] Editor" 

Player connection [30320] Host joined multi-casting on [225.0.0.222:54997]...
Player connection [30320] Host joined alternative multi-casting on [225.0.0.222:34997]...
JobSystem: Creating JobQueue using job-worker-count value 7
Input System module state changed to: Initialized.
[Physics::Module] Initialized fallback backend.
[Physics::Module] Id: 0xdecafbad
[Licensing::Client] Code 10 while verifying Licensing Client signature (process Id: 16956, path: "C:/Program Files/Unity Hub/UnityLicensingClient_V1/Unity.Licensing.Client.exe")
[Licensing::Module] LicensingClient has failed validation; ignoring
[Licensing::Client] Handshaking with LicensingClient:
  Version:                 1.17.3+a4e98f1
  Session Id:              cad0022afcdd491e8ee0b9a559df8efa
  Correlation Id:          aad5d540aa5bb6836e094466eb61beb9
  External correlation Id: 2005892894536300226
  Machine Id:              OtBF9tKG9tOB+szwLYYO2dtkF1A=
[Licensing::Module] Successfully connected to LicensingClient on channel: "LicenseClient-Brian" (connect: 0.00s, validation: 0.00s, handshake: 0.05s)
[Licensing::IpcConnector] Successfully connected to: "LicenseClient-Brian-notifications" at "2025-10-22T02:46:48.9247958Z"
[Licensing::Module] Licensing Background thread has ended after 0.05s
Library Redirect Path: Library/
[Physics::Module] Selected backend.
[Physics::Module] Name: PhysX
[Physics::Module] Id: 0xf2b8ea05
[Physics::Module] SDK Version: 4.1.2
[Physics::Module] Integration Version: 1.0.0
[Physics::Module] Threading Mode: Multi-Threaded
Refreshing native plugins compatible for Editor in 5.07 ms, found 4 plugins.
Preloading 0 native plugins for Editor in 0.00 ms.
Initialize engine version: 6000.2.7f2 (2b518236b676)
[Subsystems] Discovering subsystems at path C:/Program Files/Unity/Hub/Editor/6000.2.7f2/Editor/Data/Resources/UnitySubsystems
[Subsystems] Discovering subsystems at path C:/Users/Brian/Downloads/KitsunePrototype/Assets
GfxDevice: creating device client; kGfxThreadingModeNonThreaded
Direct3D:
    Version:  Direct3D 11.0 [level 11.1]
    Renderer: NVIDIA GeForce RTX 3080 Laptop GPU (ID=0x249c)
    Vendor:   NVIDIA
    VRAM:     8018 MB
    Driver:   32.0.15.8157
Initialize mono
Mono path[0] = 'C:/Program Files/Unity/Hub/Editor/6000.2.7f2/Editor/Data/Managed'
Mono path[1] = 'C:/Program Files/Unity/Hub/Editor/6000.2.7f2/Editor/Data/MonoBleedingEdge/lib/mono/unityjit-win32'
Mono config path = 'C:/Program Files/Unity/Hub/Editor/6000.2.7f2/Editor/Data/MonoBleedingEdge/etc'
Using monoOptions --debugger-agent=transport=dt_socket,embedding=1,server=y,suspend=n,address=127.0.0.1:56796
Begin MonoManager ReloadAssembly
Registering precompiled unity dll's ...
Register platform support module: C:/Program Files/Unity/Hub/Editor/6000.2.7f2/Editor/Data/PlaybackEngines/WebGLSupport/UnityEditor.WebGL.Extensions.dll
Register platform support module: C:/Program Files/Unity/Hub/Editor/6000.2.7f2/Editor/Data/PlaybackEngines/WindowsStandaloneSupport/UnityEditor.WindowsStandalone.Extensions.dll
Registered in 0.002865 seconds.
- Loaded All Assemblies, in  6.105 seconds
Native extension for WindowsStandalone target not found
Native extension for WebGL target not found
Mono: successfully reloaded assembly
- Finished resetting the current domain, in  0.636 seconds
Domain Reload Profiling: 6737ms
	BeginReloadAssembly (2850ms)
		ExecutionOrderSort (0ms)
		DisableScriptedObjects (0ms)
		BackupInstance (0ms)
		ReleaseScriptingObjects (0ms)
		CreateAndSetChildDomain (1ms)
	RebuildCommonClasses (910ms)
	RebuildNativeTypeToScriptingClass (21ms)
	initialDomainReloadingComplete (66ms)
	LoadAllAssembliesAndSetupDomain (2252ms)
		LoadAssemblies (2853ms)
		RebuildTransferFunctionScriptingTraits (0ms)
		AnalyzeDomain (2236ms)
			TypeCache.Refresh (2233ms)
				TypeCache.ScanAssembly (1728ms)
			BuildScriptInfoCaches (0ms)
			ResolveRequiredComponents (1ms)
	FinalizeReload (637ms)
		ReleaseScriptCaches (0ms)
		RebuildScriptCaches (0ms)
		SetupLoadedEditorAssemblies (552ms)
			LogAssemblyErrors (0ms)
			InitializePlatformSupportModulesInManaged (92ms)
			SetLoadedEditorAssemblies (6ms)
			BeforeProcessingInitializeOnLoad (121ms)
			ProcessInitializeOnLoadAttributes (245ms)
			ProcessInitializeOnLoadMethodAttributes (88ms)
			AfterProcessingInitializeOnLoad (0ms)
			EditorAssembliesLoaded (0ms)
		ExecutionOrderSort2 (0ms)
		AwakeInstancesAfterBackupRestoration (0ms)
========================================================================
Worker process is ready to serve import requests
Import Worker Mode flag is 0x00
Begin MonoManager ReloadAssembly
[Licensing::Client] Successfully resolved entitlement details
[Licensing::Module] License group:
  Id: 20066883281080-UnityPersXXXX
  Product: Unity Personal
  Type: Assigned
  Expiration: Unlimited
Symbol file LoadedFromMemory is not a mono symbol file
- Loaded All Assemblies, in  8.458 seconds
Refreshing native plugins compatible for Editor in 2.04 ms, found 4 plugins.
Native extension for WindowsStandalone target not found
Native extension for WebGL target not found
Package Manager log level set to [2]
[Package Manager] Failed to launch server process. Reason: Unity was launched with the -noUpm command-line argument
[Package Manager] Unable to send message (not connected to server process).
[Package Manager] Cannot connect to Unity Package Manager local server
Mono: successfully reloaded assembly
- Finished resetting the current domain, in  0.960 seconds
Domain Reload Profiling: 9411ms
	BeginReloadAssembly (259ms)
		ExecutionOrderSort (0ms)
		DisableScriptedObjects (10ms)
		BackupInstance (0ms)
		ReleaseScriptingObjects (0ms)
		CreateAndSetChildDomain (44ms)
	RebuildCommonClasses (44ms)
	RebuildNativeTypeToScriptingClass (20ms)
	initialDomainReloadingComplete (64ms)
	LoadAllAssembliesAndSetupDomain (8063ms)
		LoadAssemblies (7667ms)
		RebuildTransferFunctionScriptingTraits (0ms)
		AnalyzeDomain (531ms)
			TypeCache.Refresh (458ms)
				TypeCache.ScanAssembly (427ms)
			BuildScriptInfoCaches (54ms)
			ResolveRequiredComponents (10ms)
	FinalizeReload (960ms)
		ReleaseScriptCaches (0ms)
		RebuildScriptCaches (0ms)
		SetupLoadedEditorAssemblies (781ms)
			LogAssemblyErrors (0ms)
			InitializePlatformSupportModulesInManaged (4ms)
			SetLoadedEditorAssemblies (8ms)
			BeforeProcessingInitializeOnLoad (213ms)
			ProcessInitializeOnLoadAttributes (492ms)
			ProcessInitializeOnLoadMethodAttributes (57ms)
			AfterProcessingInitializeOnLoad (7ms)
			EditorAssembliesLoaded (0ms)
		ExecutionOrderSort2 (0ms)
		AwakeInstancesAfterBackupRestoration (10ms)
Launched and connected shader compiler UnityShaderCompiler.exe after 0.01 seconds
Refreshing native plugins compatible for Editor in 2.61 ms, found 4 plugins.
Preloading 0 native plugins for Editor in 0.00 ms.
Unloading 0 Unused Serialized files (Serialized files now loaded: 0)
Unloading 5194 unused Assets / (1.6 MB). Loaded Objects now: 5712.
Memory consumption went from 98.3 MB to 96.7 MB.
Total: 13.150200 ms (FindLiveObjects: 1.124700 ms CreateObjectMapping: 0.978600 ms MarkObjects: 7.861600 ms  DeleteObjects: 3.183800 ms)

========================================================================
Received Prepare
Begin MonoManager ReloadAssembly
Symbol file LoadedFromMemory is not a mono symbol file
- Loaded All Assemblies, in  3.337 seconds
Refreshing native plugins compatible for Editor in 1.91 ms, found 4 plugins.
Native extension for WindowsStandalone target not found
Native extension for WebGL target not found
[Package Manager] Failed to launch server process. Reason: Unity was launched with the -noUpm command-line argument
[Package Manager] Unable to send message (not connected to server process).
[Package Manager] Cannot connect to Unity Package Manager local server
Mono: successfully reloaded assembly
- Finished resetting the current domain, in  1.625 seconds
Domain Reload Profiling: 4959ms
	BeginReloadAssembly (348ms)
		ExecutionOrderSort (0ms)
		DisableScriptedObjects (24ms)
		BackupInstance (0ms)
		ReleaseScriptingObjects (0ms)
		CreateAndSetChildDomain (91ms)
	RebuildCommonClasses (946ms)
	RebuildNativeTypeToScriptingClass (96ms)
	initialDomainReloadingComplete (49ms)
	LoadAllAssembliesAndSetupDomain (1895ms)
		LoadAssemblies (1714ms)
		RebuildTransferFunctionScriptingTraits (0ms)
		AnalyzeDomain (338ms)
			TypeCache.Refresh (17ms)
				TypeCache.ScanAssembly (0ms)
			BuildScriptInfoCaches (301ms)
			ResolveRequiredComponents (11ms)
	FinalizeReload (1625ms)
		ReleaseScriptCaches (0ms)
		RebuildScriptCaches (0ms)
		SetupLoadedEditorAssemblies (1444ms)
			LogAssemblyErrors (0ms)
			InitializePlatformSupportModulesInManaged (4ms)
			SetLoadedEditorAssemblies (7ms)
			BeforeProcessingInitializeOnLoad (219ms)
			ProcessInitializeOnLoadAttributes (1048ms)
			ProcessInitializeOnLoadMethodAttributes (161ms)
			AfterProcessingInitializeOnLoad (5ms)
			EditorAssembliesLoaded (0ms)
		ExecutionOrderSort2 (0ms)
		AwakeInstancesAfterBackupRestoration (8ms)
Refreshing native plugins compatible for Editor in 2.04 ms, found 4 plugins.
Preloading 0 native plugins for Editor in 0.00 ms.
Unloading 0 Unused Serialized files (Serialized files now loaded: 0)
Unloading 5192 unused Assets / (1.1 MB). Loaded Objects now: 5715.
Memory consumption went from 104.1 MB to 102.9 MB.
Total: 8.641500 ms (FindLiveObjects: 0.581900 ms CreateObjectMapping: 0.454600 ms MarkObjects: 5.341100 ms  DeleteObjects: 2.262800 ms)

Prepare: number of updated asset objects reloaded= 0
========================================================================
Received Import Request.
  Time since last request: 194110.584609 seconds.
  path: Assets/Scripts/CharacterData.cs
  artifactKey: Guid(98e0b7b49fb0ed64a8ca4a1f5a67ec77) Importer(815301076,1909f56bfc062723c751e8b465ee728b)
Start importing Assets/Scripts/CharacterData.cs using Guid(98e0b7b49fb0ed64a8ca4a1f5a67ec77) Importer(815301076,1909f56bfc062723c751e8b465ee728b) (PreviewImporter) -> (artifact id: '49d3e34dc18edd4b3ef91ffac4f7b078') in 0.0101993 seconds
Number of updated asset objects reloaded before import = 0Number of asset objects unloaded after import = 0

========================================================================
Received Import Request.
  Time since last request: 32.924380 seconds.
  path: Assets/Scripts/RegionTracker.cs
  artifactKey: Guid(f6dfdaa9443b7c34d8f84455949ceb0d) Importer(2089858483,192608db42251d675da83286b1cce702)
Start importing Assets/Scripts/RegionTracker.cs using Guid(f6dfdaa9443b7c34d8f84455949ceb0d) Importer(2089858483,192608db42251d675da83286b1cce702) (ScriptedImporter) -> (artifact id: '6001027c0a00ef8dbf654494e5d97fe5') in 0.1087823 seconds
Number of updated asset objects reloaded before import = 0Number of asset objects unloaded after import = 0

========================================================================
Received Import Request.
  Time since last request: 0.000191 seconds.
  path: Assets/Scripts/CellController.cs
  artifactKey: Guid(68a2288ddefe9354cbec5f49ff9bf9c3) Importer(2089858483,192608db42251d675da83286b1cce702)
Start importing Assets/Scripts/CellController.cs using Guid(68a2288ddefe9354cbec5f49ff9bf9c3) Importer(2089858483,192608db42251d675da83286b1cce702) (ScriptedImporter) -> (artifact id: '2d829d8673092898fdb93eb127d98e10') in 0.0201259 seconds
Number of updated asset objects reloaded before import = 0Number of asset objects unloaded after import = 0

========================================================================
Received Prepare
Refreshing native plugins compatible for Editor in 2.25 ms, found 4 plugins.
Preloading 0 native plugins for Editor in 0.00 ms.
Unloading 0 Unused Serialized files (Serialized files now loaded: 0)
Unloading 5183 unused Assets / (1.2 MB). Loaded Objects now: 5718.
Memory consumption went from 105.0 MB to 103.8 MB.
Total: 9.661700 ms (FindLiveObjects: 0.629000 ms CreateObjectMapping: 0.961600 ms MarkObjects: 6.255100 ms  DeleteObjects: 1.814800 ms)

Prepare: number of updated asset objects reloaded= 0
========================================================================
Received Import Request.
  Time since last request: 5.927618 seconds.
  path: Assets/Scripts/CharacterManager.cs
  artifactKey: Guid(f82d9d055662bdf4da803a8909746a7c) Importer(815301076,1909f56bfc062723c751e8b465ee728b)
Start importing Assets/Scripts/CharacterManager.cs using Guid(f82d9d055662bdf4da803a8909746a7c) Importer(815301076,1909f56bfc062723c751e8b465ee728b) (PreviewImporter) -> (artifact id: 'cfe41d5ba740cf09b3127284d0e19a57') in 0.0011345 seconds
Number of updated asset objects reloaded before import = 0Number of asset objects unloaded after import = 0

========================================================================
Received Import Request.
  Time since last request: 0.526159 seconds.
  path: Assets/Scripts/CharacterManager.cs
  artifactKey: Guid(f82d9d055662bdf4da803a8909746a7c) Importer(2089858483,192608db42251d675da83286b1cce702)
Start importing Assets/Scripts/CharacterManager.cs using Guid(f82d9d055662bdf4da803a8909746a7c) Importer(2089858483,192608db42251d675da83286b1cce702) (ScriptedImporter) -> (artifact id: '6fec28796f07a4d3e0a23a4851405a4c') in 0.0129066 seconds
Number of updated asset objects reloaded before import = 0Number of asset objects unloaded after import = 0

========================================================================
Received Prepare
Refreshing native plugins compatible for Editor in 2.38 ms, found 4 plugins.
Preloading 0 native plugins for Editor in 0.00 ms.
Unloading 0 Unused Serialized files (Serialized files now loaded: 0)
Unloading 5183 unused Assets / (1.3 MB). Loaded Objects now: 5718.
Memory consumption went from 105.0 MB to 103.8 MB.
Total: 10.700400 ms (FindLiveObjects: 0.640900 ms CreateObjectMapping: 0.772200 ms MarkObjects: 6.472300 ms  DeleteObjects: 2.813300 ms)

Prepare: number of updated asset objects reloaded= 0
========================================================================
Received Import Request.
  Time since last request: 9.572789 seconds.
  path: Assets/Scripts/CharacterManager.cs
  artifactKey: Guid(f82d9d055662bdf4da803a8909746a7c) Importer(2089858483,192608db42251d675da83286b1cce702)
Start importing Assets/Scripts/CharacterManager.cs using Guid(f82d9d055662bdf4da803a8909746a7c) Importer(2089858483,192608db42251d675da83286b1cce702) (ScriptedImporter) -> (artifact id: '2d3fb91bffbbcdd3f78c9bf92b35ee6b') in 0.0182435 seconds
Number of updated asset objects reloaded before import = 0Number of asset objects unloaded after import = 0

========================================================================
Received Prepare
Refreshing native plugins compatible for Editor in 2.22 ms, found 4 plugins.
Preloading 0 native plugins for Editor in 0.00 ms.
Unloading 0 Unused Serialized files (Serialized files now loaded: 0)
Unloading 5183 unused Assets / (1.2 MB). Loaded Objects now: 5718.
Memory consumption went from 105.0 MB to 103.8 MB.
Total: 10.730300 ms (FindLiveObjects: 0.579800 ms CreateObjectMapping: 0.923300 ms MarkObjects: 7.221100 ms  DeleteObjects: 2.005300 ms)

Prepare: number of updated asset objects reloaded= 0
========================================================================
Received Import Request.
  Time since last request: 153.933009 seconds.
  path: Assets/Scripts/GridSpawner.cs
  artifactKey: Guid(759cf4e5b5d8ac048908b9fd5227f4f8) Importer(2089858483,192608db42251d675da83286b1cce702)
Start importing Assets/Scripts/GridSpawner.cs using Guid(759cf4e5b5d8ac048908b9fd5227f4f8) Importer(2089858483,192608db42251d675da83286b1cce702) (ScriptedImporter) -> (artifact id: 'd8f6078fde52691930cb5b4e4f64347c') in 0.0155997 seconds
Number of updated asset objects reloaded before import = 0Number of asset objects unloaded after import = 0

========================================================================
Received Import Request.
  Time since last request: 32.270267 seconds.
  path: Assets/Scripts/RegionTracker.cs
  artifactKey: Guid(f6dfdaa9443b7c34d8f84455949ceb0d) Importer(815301076,1909f56bfc062723c751e8b465ee728b)
Start importing Assets/Scripts/RegionTracker.cs using Guid(f6dfdaa9443b7c34d8f84455949ceb0d) Importer(815301076,1909f56bfc062723c751e8b465ee728b) (PreviewImporter) -> (artifact id: '3d118ba9f9fa25bdfb03627f0f46ba6c') in 0.0007757 seconds
Number of updated asset objects reloaded before import = 0Number of asset objects unloaded after import = 0

========================================================================
Received Prepare
Refreshing native plugins compatible for Editor in 2.80 ms, found 4 plugins.
Preloading 0 native plugins for Editor in 0.00 ms.
Unloading 0 Unused Serialized files (Serialized files now loaded: 0)
Unloading 5183 unused Assets / (0.7 MB). Loaded Objects now: 5718.
Memory consumption went from 105.0 MB to 104.3 MB.
Total: 11.582600 ms (FindLiveObjects: 0.717400 ms CreateObjectMapping: 0.744300 ms MarkObjects: 7.131800 ms  DeleteObjects: 2.987800 ms)

Prepare: number of updated asset objects reloaded= 0
========================================================================
Received Import Request.
  Time since last request: 285.065732 seconds.
  path: Assets/Scripts/RegionTracker.cs
  artifactKey: Guid(f6dfdaa9443b7c34d8f84455949ceb0d) Importer(815301076,1909f56bfc062723c751e8b465ee728b)
Start importing Assets/Scripts/RegionTracker.cs using Guid(f6dfdaa9443b7c34d8f84455949ceb0d) Importer(815301076,1909f56bfc062723c751e8b465ee728b) (PreviewImporter) -> (artifact id: '3e5a757c3d4392f8ca1d515a169350ea') in 0.0027721 seconds
Number of updated asset objects reloaded before import = 0Number of asset objects unloaded after import = 0

========================================================================
Received Import Request.
  Time since last request: 0.613873 seconds.
  path: Assets/Scripts/EnemyManager.cs
  artifactKey: Guid(d9975b6da1f5c2043a39c685a773c4a5) Importer(2089858483,192608db42251d675da83286b1cce702)
Start importing Assets/Scripts/EnemyManager.cs using Guid(d9975b6da1f5c2043a39c685a773c4a5) Importer(2089858483,192608db42251d675da83286b1cce702) (ScriptedImporter) -> (artifact id: '7ec6082f7f0a53f8b27ce4d5a8f667f5') in 0.0186703 seconds
Number of updated asset objects reloaded before import = 0Number of asset objects unloaded after import = 0

========================================================================
Received Prepare
Refreshing native plugins compatible for Editor in 1.68 ms, found 4 plugins.
Preloading 0 native plugins for Editor in 0.00 ms.
Unloading 0 Unused Serialized files (Serialized files now loaded: 0)
Unloading 5183 unused Assets / (1.4 MB). Loaded Objects now: 5718.
Memory consumption went from 105.0 MB to 103.7 MB.
Total: 8.461700 ms (FindLiveObjects: 0.564800 ms CreateObjectMapping: 0.763300 ms MarkObjects: 5.100100 ms  DeleteObjects: 2.032300 ms)

Prepare: number of updated asset objects reloaded= 0
========================================================================
Received Import Request.
  Time since last request: 59.285603 seconds.
  path: Assets/Scripts/CharacterData.cs
  artifactKey: Guid(98e0b7b49fb0ed64a8ca4a1f5a67ec77) Importer(2089858483,192608db42251d675da83286b1cce702)
Start importing Assets/Scripts/CharacterData.cs using Guid(98e0b7b49fb0ed64a8ca4a1f5a67ec77) Importer(2089858483,192608db42251d675da83286b1cce702) (ScriptedImporter) -> (artifact id: '5137e74bf97ff346918798ea50728649') in 0.0160359 seconds
Number of updated asset objects reloaded before import = 0Number of asset objects unloaded after import = 0

========================================================================
Received Prepare
Begin MonoManager ReloadAssembly
[Licensing::Client] Successfully resolved entitlement details
Symbol file LoadedFromMemory is not a mono symbol file
- Loaded All Assemblies, in  0.932 seconds
Refreshing native plugins compatible for Editor in 1.82 ms, found 4 plugins.
Native extension for WindowsStandalone target not found
Native extension for WebGL target not found
[Package Manager] Failed to launch server process. Reason: Unity was launched with the -noUpm command-line argument
[Package Manager] Unable to send message (not connected to server process).
[Package Manager] Cannot connect to Unity Package Manager local server
Mono: successfully reloaded assembly
- Finished resetting the current domain, in  1.004 seconds
Domain Reload Profiling: 1936ms
	BeginReloadAssembly (255ms)
		ExecutionOrderSort (0ms)
		DisableScriptedObjects (16ms)
		BackupInstance (0ms)
		ReleaseScriptingObjects (0ms)
		CreateAndSetChildDomain (68ms)
	RebuildCommonClasses (47ms)
	RebuildNativeTypeToScriptingClass (14ms)
	initialDomainReloadingComplete (31ms)
	LoadAllAssembliesAndSetupDomain (583ms)
		LoadAssemblies (437ms)
		RebuildTransferFunctionScriptingTraits (0ms)
		AnalyzeDomain (257ms)
			TypeCache.Refresh (15ms)
				TypeCache.ScanAssembly (3ms)
			BuildScriptInfoCaches (228ms)
			ResolveRequiredComponents (8ms)
	FinalizeReload (1005ms)
		ReleaseScriptCaches (0ms)
		RebuildScriptCaches (0ms)
		SetupLoadedEditorAssemblies (818ms)
			LogAssemblyErrors (0ms)
			InitializePlatformSupportModulesInManaged (3ms)
			SetLoadedEditorAssemblies (15ms)
			BeforeProcessingInitializeOnLoad (298ms)
			ProcessInitializeOnLoadAttributes (435ms)
			ProcessInitializeOnLoadMethodAttributes (61ms)
			AfterProcessingInitializeOnLoad (7ms)
			EditorAssembliesLoaded (0ms)
		ExecutionOrderSort2 (0ms)
		AwakeInstancesAfterBackupRestoration (8ms)
Refreshing native plugins compatible for Editor in 1.69 ms, found 4 plugins.
Preloading 0 native plugins for Editor in 0.00 ms.
Unloading 0 Unused Serialized files (Serialized files now loaded: 0)
Unloading 5193 unused Assets / (1.3 MB). Loaded Objects now: 5720.
Memory consumption went from 104.8 MB to 103.6 MB.
Total: 7.466600 ms (FindLiveObjects: 0.821400 ms CreateObjectMapping: 0.476300 ms MarkObjects: 4.571100 ms  DeleteObjects: 1.597200 ms)

Prepare: number of updated asset objects reloaded= 0
========================================================================
Received Import Request.
  Time since last request: 193.474389 seconds.
  path: Assets/Scripts/RegionTracker.cs
  artifactKey: Guid(f6dfdaa9443b7c34d8f84455949ceb0d) Importer(815301076,1909f56bfc062723c751e8b465ee728b)
Start importing Assets/Scripts/RegionTracker.cs using Guid(f6dfdaa9443b7c34d8f84455949ceb0d) Importer(815301076,1909f56bfc062723c751e8b465ee728b) (PreviewImporter) -> (artifact id: '7032e073907b89410e9b349956af97fa') in 0.0035149 seconds
Number of updated asset objects reloaded before import = 0Number of asset objects unloaded after import = 0

========================================================================
Received Import Request.
  Time since last request: 89.352570 seconds.
  path: Assets/Scripts/RegionTracker.cs
  artifactKey: Guid(f6dfdaa9443b7c34d8f84455949ceb0d) Importer(2089858483,192608db42251d675da83286b1cce702)
Start importing Assets/Scripts/RegionTracker.cs using Guid(f6dfdaa9443b7c34d8f84455949ceb0d) Importer(2089858483,192608db42251d675da83286b1cce702) (ScriptedImporter) -> (artifact id: 'bf4020276d27f61e60df18739d6b7641') in 0.0955718 seconds
Number of updated asset objects reloaded before import = 0Number of asset objects unloaded after import = 0

========================================================================
Received Import Request.
  Time since last request: 6.535215 seconds.
  path: Assets/Resources/Characters
  artifactKey: Guid(10211b830067e6744acf7e4652c949d6) Importer(815301076,1909f56bfc062723c751e8b465ee728b)
Start importing Assets/Resources/Characters using Guid(10211b830067e6744acf7e4652c949d6) Importer(815301076,1909f56bfc062723c751e8b465ee728b) (PreviewImporter) -> (artifact id: 'aaaf0597ee774a2c60c9deca44530944') in 0.0005634 seconds
Number of updated asset objects reloaded before import = 0Number of asset objects unloaded after import = 0

========================================================================
Received Import Request.
  Time since last request: 0.927259 seconds.
  path: Assets/Resources/Characters
  artifactKey: Guid(10211b830067e6744acf7e4652c949d6) Importer(2089858483,192608db42251d675da83286b1cce702)
Start importing Assets/Resources/Characters using Guid(10211b830067e6744acf7e4652c949d6) Importer(2089858483,192608db42251d675da83286b1cce702) (ScriptedImporter) -> (artifact id: '5c7bc5f2468f0fe9730429d9975bc128') in 0.0149957 seconds
Number of updated asset objects reloaded before import = 0Number of asset objects unloaded after import = 1

========================================================================
Received Import Request.
  Time since last request: 21.266775 seconds.
  path: Assets/Resources/Characters/StudentCharacter.asset
  artifactKey: Guid(78387626b1ac74b40a31fbd0a889c234) Importer(815301076,1909f56bfc062723c751e8b465ee728b)
Start importing Assets/Resources/Characters/StudentCharacter.asset using Guid(78387626b1ac74b40a31fbd0a889c234) Importer(815301076,1909f56bfc062723c751e8b465ee728b) (PreviewImporter) -> (artifact id: '7649c2b9d70d8da59a7a2214704aae9f') in 0.0161465 seconds
Number of updated asset objects reloaded before import = 0Number of asset objects unloaded after import = 1

========================================================================
Received Import Request.
  Time since last request: 0.974195 seconds.
  path: Assets/Resources/Characters/StudentCharacter.asset
  artifactKey: Guid(78387626b1ac74b40a31fbd0a889c234) Importer(2089858483,192608db42251d675da83286b1cce702)
Start importing Assets/Resources/Characters/StudentCharacter.asset using Guid(78387626b1ac74b40a31fbd0a889c234) Importer(2089858483,192608db42251d675da83286b1cce702) (ScriptedImporter) -> (artifact id: '21fc87d26a5bd0d85d2b488454d963b1') in 0.0281221 seconds
Number of updated asset objects reloaded before import = 0Number of asset objects unloaded after import = 1

========================================================================
Received Import Request.
  Time since last request: 172.038303 seconds.
  path: Assets/Resources/Characters/ScholarCharacter.asset
  artifactKey: Guid(0bf8c05b9aaabf744a8375b2a555b58e) Importer(815301076,1909f56bfc062723c751e8b465ee728b)
Start importing Assets/Resources/Characters/ScholarCharacter.asset using Guid(0bf8c05b9aaabf744a8375b2a555b58e) Importer(815301076,1909f56bfc062723c751e8b465ee728b) (PreviewImporter) -> (artifact id: '4f10c15ccd917ae73635078c274c33ef') in 0.0014346 seconds
Number of updated asset objects reloaded before import = 0Number of asset objects unloaded after import = 1

========================================================================
Received Import Request.
  Time since last request: 0.988250 seconds.
  path: Assets/Resources/Characters/ScholarCharacter.asset
  artifactKey: Guid(0bf8c05b9aaabf744a8375b2a555b58e) Importer(2089858483,192608db42251d675da83286b1cce702)
Start importing Assets/Resources/Characters/ScholarCharacter.asset using Guid(0bf8c05b9aaabf744a8375b2a555b58e) Importer(2089858483,192608db42251d675da83286b1cce702) (ScriptedImporter) -> (artifact id: '193aabd51c75d72be1c6584b30d4793a') in 0.016332 seconds
Number of updated asset objects reloaded before import = 0Number of asset objects unloaded after import = 1

========================================================================
Received Import Request.
  Time since last request: 241.872766 seconds.
  path: Assets/Resources/Characters/RebelCharacter.asset
  artifactKey: Guid(2f49589becdc14a4e999f5ca3bc1d8d7) Importer(815301076,1909f56bfc062723c751e8b465ee728b)
Start importing Assets/Resources/Characters/RebelCharacter.asset using Guid(2f49589becdc14a4e999f5ca3bc1d8d7) Importer(815301076,1909f56bfc062723c751e8b465ee728b) (PreviewImporter) -> (artifact id: '1778e727d0f23cd91107c4d3591863e0') in 0.0015497 seconds
Number of updated asset objects reloaded before import = 0Number of asset objects unloaded after import = 1

========================================================================
Received Import Request.
  Time since last request: 0.988270 seconds.
  path: Assets/Resources/Characters/RebelCharacter.asset
  artifactKey: Guid(2f49589becdc14a4e999f5ca3bc1d8d7) Importer(2089858483,192608db42251d675da83286b1cce702)
Start importing Assets/Resources/Characters/RebelCharacter.asset using Guid(2f49589becdc14a4e999f5ca3bc1d8d7) Importer(2089858483,192608db42251d675da83286b1cce702) (ScriptedImporter) -> (artifact id: '574ecf27720953665513306b823cb1a1') in 0.0152598 seconds
Number of updated asset objects reloaded before import = 0Number of asset objects unloaded after import = 1

========================================================================
Received Import Request.
  Time since last request: 48.757489 seconds.
  path: Assets/Resources/Characters/RebelCharacter.asset
  artifactKey: Guid(2f49589becdc14a4e999f5ca3bc1d8d7) Importer(815301076,1909f56bfc062723c751e8b465ee728b)
Start importing Assets/Resources/Characters/RebelCharacter.asset using Guid(2f49589becdc14a4e999f5ca3bc1d8d7) Importer(815301076,1909f56bfc062723c751e8b465ee728b) (PreviewImporter) -> (artifact id: '69d9eed919d624cd0c561c6e5c4ef0d9') in 0.0018101 seconds
Number of updated asset objects reloaded before import = 0Number of asset objects unloaded after import = 1

========================================================================
Received Import Request.
  Time since last request: 0.000044 seconds.
  path: Assets/Resources/Characters/StudentCharacter.asset
  artifactKey: Guid(78387626b1ac74b40a31fbd0a889c234) Importer(815301076,1909f56bfc062723c751e8b465ee728b)
Start importing Assets/Resources/Characters/StudentCharacter.asset using Guid(78387626b1ac74b40a31fbd0a889c234) Importer(815301076,1909f56bfc062723c751e8b465ee728b) (PreviewImporter) -> (artifact id: '08928b941abf8bf959f21304efb8e206') in 0.0013413 seconds
Number of updated asset objects reloaded before import = 0Number of asset objects unloaded after import = 1

========================================================================
Received Import Request.
  Time since last request: 0.956277 seconds.
  path: Assets/Resources/Characters/RebelCharacter.asset
  artifactKey: Guid(2f49589becdc14a4e999f5ca3bc1d8d7) Importer(2089858483,192608db42251d675da83286b1cce702)
Start importing Assets/Resources/Characters/RebelCharacter.asset using Guid(2f49589becdc14a4e999f5ca3bc1d8d7) Importer(2089858483,192608db42251d675da83286b1cce702) (ScriptedImporter) -> (artifact id: '926c0bd3a3c5be3677bba4a378ec38e7') in 0.0233912 seconds
Number of updated asset objects reloaded before import = 0Number of asset objects unloaded after import = 1

========================================================================
Received Import Request.
  Time since last request: 0.000125 seconds.
  path: Assets/Resources/Characters/ScholarCharacter.asset
  artifactKey: Guid(0bf8c05b9aaabf744a8375b2a555b58e) Importer(2089858483,192608db42251d675da83286b1cce702)
Start importing Assets/Resources/Characters/ScholarCharacter.asset using Guid(0bf8c05b9aaabf744a8375b2a555b58e) Importer(2089858483,192608db42251d675da83286b1cce702) (ScriptedImporter) -> (artifact id: '46a3ea4c26217a6c06e79b9b9f8dfaf6') in 0.015967 seconds
Number of updated asset objects reloaded before import = 0Number of asset objects unloaded after import = 1

========================================================================
Received Import Request.
  Time since last request: 38.949245 seconds.
  path: Assets/Scenes/SudokuScene.unity
  artifactKey: Guid(cb98288509a0057499b66ef0f29897fc) Importer(2089858483,192608db42251d675da83286b1cce702)
Start importing Assets/Scenes/SudokuScene.unity using Guid(cb98288509a0057499b66ef0f29897fc) Importer(2089858483,192608db42251d675da83286b1cce702) (ScriptedImporter) -> (artifact id: '044d82a679516ff185feeff75da58e49') in 0.0176988 seconds
Number of updated asset objects reloaded before import = 0Number of asset objects unloaded after import = 1

========================================================================
Received Prepare
Begin MonoManager ReloadAssembly
[Licensing::Client] Successfully resolved entitlement details
Symbol file LoadedFromMemory is not a mono symbol file
- Loaded All Assemblies, in  0.817 seconds
Refreshing native plugins compatible for Editor in 1.45 ms, found 4 plugins.
Native extension for WindowsStandalone target not found
Native extension for WebGL target not found
[Package Manager] Failed to launch server process. Reason: Unity was launched with the -noUpm command-line argument
[Package Manager] Unable to send message (not connected to server process).
[Package Manager] Cannot connect to Unity Package Manager local server
Mono: successfully reloaded assembly
- Finished resetting the current domain, in  0.672 seconds
Domain Reload Profiling: 1489ms
	BeginReloadAssembly (217ms)
		ExecutionOrderSort (0ms)
		DisableScriptedObjects (17ms)
		BackupInstance (0ms)
		ReleaseScriptingObjects (0ms)
		CreateAndSetChildDomain (56ms)
	RebuildCommonClasses (35ms)
	RebuildNativeTypeToScriptingClass (12ms)
	initialDomainReloadingComplete (30ms)
	LoadAllAssembliesAndSetupDomain (523ms)
		LoadAssemblies (366ms)
		RebuildTransferFunctionScriptingTraits (0ms)
		AnalyzeDomain (242ms)
			TypeCache.Refresh (9ms)
				TypeCache.ScanAssembly (0ms)
			BuildScriptInfoCaches (218ms)
			ResolveRequiredComponents (8ms)
	FinalizeReload (673ms)
		ReleaseScriptCaches (0ms)
		RebuildScriptCaches (0ms)
		SetupLoadedEditorAssemblies (549ms)
			LogAssemblyErrors (0ms)
			InitializePlatformSupportModulesInManaged (2ms)
			SetLoadedEditorAssemblies (6ms)
			BeforeProcessingInitializeOnLoad (119ms)
			ProcessInitializeOnLoadAttributes (367ms)
			ProcessInitializeOnLoadMethodAttributes (47ms)
			AfterProcessingInitializeOnLoad (7ms)
			EditorAssembliesLoaded (1ms)
		ExecutionOrderSort2 (0ms)
		AwakeInstancesAfterBackupRestoration (8ms)
Refreshing native plugins compatible for Editor in 1.74 ms, found 4 plugins.
Preloading 0 native plugins for Editor in 0.00 ms.
Unloading 0 Unused Serialized files (Serialized files now loaded: 0)
Unloading 5193 unused Assets / (1.1 MB). Loaded Objects now: 5723.
Memory consumption went from 105.0 MB to 103.9 MB.
Total: 9.832400 ms (FindLiveObjects: 0.776100 ms CreateObjectMapping: 0.450600 ms MarkObjects: 6.678400 ms  DeleteObjects: 1.926400 ms)

Prepare: number of updated asset objects reloaded= 0
========================================================================
Received Prepare
Begin MonoManager ReloadAssembly
[Licensing::Client] Successfully resolved entitlement details
Symbol file LoadedFromMemory is not a mono symbol file
- Loaded All Assemblies, in  0.814 seconds
Refreshing native plugins compatible for Editor in 1.55 ms, found 4 plugins.
Native extension for WindowsStandalone target not found
Native extension for WebGL target not found
[Package Manager] Failed to launch server process. Reason: Unity was launched with the -noUpm command-line argument
[Package Manager] Unable to send message (not connected to server process).
[Package Manager] Cannot connect to Unity Package Manager local server
Mono: successfully reloaded assembly
- Finished resetting the current domain, in  0.678 seconds
Domain Reload Profiling: 1492ms
	BeginReloadAssembly (215ms)
		ExecutionOrderSort (0ms)
		DisableScriptedObjects (17ms)
		BackupInstance (0ms)
		ReleaseScriptingObjects (0ms)
		CreateAndSetChildDomain (53ms)
	RebuildCommonClasses (34ms)
	RebuildNativeTypeToScriptingClass (12ms)
	initialDomainReloadingComplete (29ms)
	LoadAllAssembliesAndSetupDomain (523ms)
		LoadAssemblies (381ms)
		RebuildTransferFunctionScriptingTraits (0ms)
		AnalyzeDomain (231ms)
			TypeCache.Refresh (9ms)
				TypeCache.ScanAssembly (0ms)
			BuildScriptInfoCaches (207ms)
			ResolveRequiredComponents (8ms)
	FinalizeReload (678ms)
		ReleaseScriptCaches (0ms)
		RebuildScriptCaches (0ms)
		SetupLoadedEditorAssemblies (554ms)
			LogAssemblyErrors (0ms)
			InitializePlatformSupportModulesInManaged (2ms)
			SetLoadedEditorAssemblies (5ms)
			BeforeProcessingInitializeOnLoad (118ms)
			ProcessInitializeOnLoadAttributes (375ms)
			ProcessInitializeOnLoadMethodAttributes (47ms)
			AfterProcessingInitializeOnLoad (6ms)
			EditorAssembliesLoaded (0ms)
		ExecutionOrderSort2 (0ms)
		AwakeInstancesAfterBackupRestoration (8ms)
Refreshing native plugins compatible for Editor in 2.64 ms, found 4 plugins.
Preloading 0 native plugins for Editor in 0.00 ms.
Unloading 0 Unused Serialized files (Serialized files now loaded: 0)
Unloading 5193 unused Assets / (1.0 MB). Loaded Objects now: 5725.
Memory consumption went from 105.0 MB to 104.0 MB.
Total: 8.923100 ms (FindLiveObjects: 0.636100 ms CreateObjectMapping: 0.780400 ms MarkObjects: 5.774400 ms  DeleteObjects: 1.731000 ms)

Prepare: number of updated asset objects reloaded= 0
========================================================================
Received Prepare
Begin MonoManager ReloadAssembly
[Licensing::Client] Successfully resolved entitlement details
Symbol file LoadedFromMemory is not a mono symbol file
- Loaded All Assemblies, in  0.801 seconds
Refreshing native plugins compatible for Editor in 1.56 ms, found 4 plugins.
Native extension for WindowsStandalone target not found
Native extension for WebGL target not found
[Package Manager] Failed to launch server process. Reason: Unity was launched with the -noUpm command-line argument
[Package Manager] Unable to send message (not connected to server process).
[Package Manager] Cannot connect to Unity Package Manager local server
Mono: successfully reloaded assembly
- Finished resetting the current domain, in  0.655 seconds
Domain Reload Profiling: 1454ms
	BeginReloadAssembly (215ms)
		ExecutionOrderSort (0ms)
		DisableScriptedObjects (15ms)
		BackupInstance (0ms)
		ReleaseScriptingObjects (0ms)
		CreateAndSetChildDomain (53ms)
	RebuildCommonClasses (33ms)
	RebuildNativeTypeToScriptingClass (12ms)
	initialDomainReloadingComplete (28ms)
	LoadAllAssembliesAndSetupDomain (510ms)
		LoadAssemblies (367ms)
		RebuildTransferFunctionScriptingTraits (0ms)
		AnalyzeDomain (231ms)
			TypeCache.Refresh (9ms)
				TypeCache.ScanAssembly (0ms)
			BuildScriptInfoCaches (205ms)
			ResolveRequiredComponents (8ms)
	FinalizeReload (655ms)
		ReleaseScriptCaches (0ms)
		RebuildScriptCaches (0ms)
		SetupLoadedEditorAssemblies (528ms)
			LogAssemblyErrors (0ms)
			InitializePlatformSupportModulesInManaged (2ms)
			SetLoadedEditorAssemblies (5ms)
			BeforeProcessingInitializeOnLoad (118ms)
			ProcessInitializeOnLoadAttributes (350ms)
			ProcessInitializeOnLoadMethodAttributes (45ms)
			AfterProcessingInitializeOnLoad (7ms)
			EditorAssembliesLoaded (0ms)
		ExecutionOrderSort2 (0ms)
		AwakeInstancesAfterBackupRestoration (9ms)
Refreshing native plugins compatible for Editor in 1.68 ms, found 4 plugins.
Preloading 0 native plugins for Editor in 0.00 ms.
Unloading 0 Unused Serialized files (Serialized files now loaded: 0)
Unloading 5193 unused Assets / (1.2 MB). Loaded Objects now: 5727.
Memory consumption went from 105.0 MB to 103.8 MB.
Total: 7.752400 ms (FindLiveObjects: 0.681300 ms CreateObjectMapping: 0.474600 ms MarkObjects: 5.221100 ms  DeleteObjects: 1.374200 ms)

Prepare: number of updated asset objects reloaded= 0
========================================================================
Received Prepare
Begin MonoManager ReloadAssembly
[Licensing::Client] Successfully resolved entitlement details
Symbol file LoadedFromMemory is not a mono symbol file
- Loaded All Assemblies, in  3.472 seconds
Refreshing native plugins compatible for Editor in 2.09 ms, found 4 plugins.
Native extension for WindowsStandalone target not found
Native extension for WebGL target not found
[Package Manager] Failed to launch server process. Reason: Unity was launched with the -noUpm command-line argument
[Package Manager] Unable to send message (not connected to server process).
[Package Manager] Cannot connect to Unity Package Manager local server
Mono: successfully reloaded assembly
- Finished resetting the current domain, in  0.556 seconds
Domain Reload Profiling: 4028ms
	BeginReloadAssembly (508ms)
		ExecutionOrderSort (0ms)
		DisableScriptedObjects (20ms)
		BackupInstance (0ms)
		ReleaseScriptingObjects (0ms)
		CreateAndSetChildDomain (83ms)
	RebuildCommonClasses (146ms)
	RebuildNativeTypeToScriptingClass (12ms)
	initialDomainReloadingComplete (31ms)
	LoadAllAssembliesAndSetupDomain (2774ms)
		LoadAssemblies (2619ms)
		RebuildTransferFunctionScriptingTraits (0ms)
		AnalyzeDomain (503ms)
			TypeCache.Refresh (13ms)
				TypeCache.ScanAssembly (1ms)
			BuildScriptInfoCaches (473ms)
			ResolveRequiredComponents (8ms)
	FinalizeReload (557ms)
		ReleaseScriptCaches (0ms)
		RebuildScriptCaches (0ms)
		SetupLoadedEditorAssemblies (444ms)
			LogAssemblyErrors (0ms)
			InitializePlatformSupportModulesInManaged (2ms)
			SetLoadedEditorAssemblies (5ms)
			BeforeProcessingInitializeOnLoad (113ms)
			ProcessInitializeOnLoadAttributes (285ms)
			ProcessInitializeOnLoadMethodAttributes (34ms)
			AfterProcessingInitializeOnLoad (5ms)
			EditorAssembliesLoaded (0ms)
		ExecutionOrderSort2 (0ms)
		AwakeInstancesAfterBackupRestoration (6ms)
Refreshing native plugins compatible for Editor in 1.71 ms, found 4 plugins.
Preloading 0 native plugins for Editor in 0.00 ms.
Unloading 0 Unused Serialized files (Serialized files now loaded: 0)
Unloading 5193 unused Assets / (1.2 MB). Loaded Objects now: 5729.
Memory consumption went from 105.4 MB to 104.2 MB.
Total: 7.124400 ms (FindLiveObjects: 0.692300 ms CreateObjectMapping: 0.634000 ms MarkObjects: 4.524000 ms  DeleteObjects: 1.273000 ms)

Prepare: number of updated asset objects reloaded= 0
========================================================================
Received Import Request.
  Time since last request: 15421.698653 seconds.
  path: Assets/Scripts/ScoringManager.cs
  artifactKey: Guid(9ba703709744c2e4880e5d8dcf55bdf0) Importer(2089858483,192608db42251d675da83286b1cce702)
Start importing Assets/Scripts/ScoringManager.cs using Guid(9ba703709744c2e4880e5d8dcf55bdf0) Importer(2089858483,192608db42251d675da83286b1cce702) (ScriptedImporter) -> (artifact id: '2f0105df181ada1e7ca36c6f048c9a6a') in 0.091683 seconds
Number of updated asset objects reloaded before import = 0Number of asset objects unloaded after import = 0

========================================================================
Received Prepare
Refreshing native plugins compatible for Editor in 1.60 ms, found 4 plugins.
Preloading 0 native plugins for Editor in 0.00 ms.
Unloading 0 Unused Serialized files (Serialized files now loaded: 0)
Unloading 5184 unused Assets / (1.1 MB). Loaded Objects now: 5730.
Memory consumption went from 105.2 MB to 104.1 MB.
Total: 6.203500 ms (FindLiveObjects: 0.512600 ms CreateObjectMapping: 0.362700 ms MarkObjects: 4.141300 ms  DeleteObjects: 1.186200 ms)

Prepare: number of updated asset objects reloaded= 0
========================================================================
Received Import Request.
  Time since last request: 9.459458 seconds.
  path: Assets/Scripts/TileEffectHandler.cs
  artifactKey: Guid(79ce19e7fbc50f64f847ddae11b78a8b) Importer(815301076,1909f56bfc062723c751e8b465ee728b)
Start importing Assets/Scripts/TileEffectHandler.cs using Guid(79ce19e7fbc50f64f847ddae11b78a8b) Importer(815301076,1909f56bfc062723c751e8b465ee728b) (PreviewImporter) -> (artifact id: 'a8ca0590f85c69e9bee27ca3c47d76a0') in 0.0012358 seconds
Number of updated asset objects reloaded before import = 0Number of asset objects unloaded after import = 0

========================================================================
Received Import Request.
  Time since last request: 0.415672 seconds.
  path: Assets/Scripts/TileEffectHandler.cs
  artifactKey: Guid(79ce19e7fbc50f64f847ddae11b78a8b) Importer(2089858483,192608db42251d675da83286b1cce702)
Start importing Assets/Scripts/TileEffectHandler.cs using Guid(79ce19e7fbc50f64f847ddae11b78a8b) Importer(2089858483,192608db42251d675da83286b1cce702) (ScriptedImporter) -> (artifact id: 'c7a7816631060002a9f6a94c08933884') in 0.0149173 seconds
Number of updated asset objects reloaded before import = 0Number of asset objects unloaded after import = 0

========================================================================
Received Prepare
Begin MonoManager ReloadAssembly
Symbol file LoadedFromMemory is not a mono symbol file
- Loaded All Assemblies, in  0.942 seconds
Refreshing native plugins compatible for Editor in 68.92 ms, found 4 plugins.
Native extension for WindowsStandalone target not found
Native extension for WebGL target not found
[Package Manager] Failed to launch server process. Reason: Unity was launched with the -noUpm command-line argument
[Package Manager] Unable to send message (not connected to server process).
[Package Manager] Cannot connect to Unity Package Manager local server
Mono: successfully reloaded assembly
- Finished resetting the current domain, in  2.063 seconds
Domain Reload Profiling: 3007ms
	BeginReloadAssembly (235ms)
		ExecutionOrderSort (0ms)
		DisableScriptedObjects (13ms)
		BackupInstance (0ms)
		ReleaseScriptingObjects (0ms)
		CreateAndSetChildDomain (62ms)
	RebuildCommonClasses (37ms)
	RebuildNativeTypeToScriptingClass (16ms)
	initialDomainReloadingComplete (37ms)
	LoadAllAssembliesAndSetupDomain (617ms)
		LoadAssemblies (431ms)
		RebuildTransferFunctionScriptingTraits (0ms)
		AnalyzeDomain (288ms)
			TypeCache.Refresh (14ms)
				TypeCache.ScanAssembly (1ms)
			BuildScriptInfoCaches (258ms)
			ResolveRequiredComponents (10ms)
	FinalizeReload (2064ms)
		ReleaseScriptCaches (0ms)
		RebuildScriptCaches (0ms)
		SetupLoadedEditorAssemblies (1634ms)
			LogAssemblyErrors (0ms)
			InitializePlatformSupportModulesInManaged (6ms)
			SetLoadedEditorAssemblies (11ms)
			BeforeProcessingInitializeOnLoad (191ms)
			ProcessInitializeOnLoadAttributes (1284ms)
			ProcessInitializeOnLoadMethodAttributes (133ms)
			AfterProcessingInitializeOnLoad (8ms)
			EditorAssembliesLoaded (0ms)
		ExecutionOrderSort2 (0ms)
		AwakeInstancesAfterBackupRestoration (9ms)
Refreshing native plugins compatible for Editor in 33.38 ms, found 4 plugins.
Preloading 0 native plugins for Editor in 0.00 ms.
Unloading 0 Unused Serialized files (Serialized files now loaded: 0)
Unloading 5194 unused Assets / (1.6 MB). Loaded Objects now: 5732.
Memory consumption went from 105.4 MB to 103.8 MB.
Total: 40.090400 ms (FindLiveObjects: 5.162200 ms CreateObjectMapping: 2.846600 ms MarkObjects: 23.889500 ms  DeleteObjects: 8.190000 ms)

Prepare: number of updated asset objects reloaded= 0
========================================================================
Received Prepare
Refreshing native plugins compatible for Editor in 5.12 ms, found 4 plugins.
Preloading 0 native plugins for Editor in 0.00 ms.
Unloading 0 Unused Serialized files (Serialized files now loaded: 0)
Unloading 5184 unused Assets / (1.2 MB). Loaded Objects now: 5732.
Memory consumption went from 105.2 MB to 103.9 MB.
Total: 15.879300 ms (FindLiveObjects: 1.021200 ms CreateObjectMapping: 1.301600 ms MarkObjects: 9.633600 ms  DeleteObjects: 3.921800 ms)

Prepare: number of updated asset objects reloaded= 0
========================================================================
Received Prepare
Refreshing native plugins compatible for Editor in 1.60 ms, found 4 plugins.
Preloading 0 native plugins for Editor in 0.00 ms.
Unloading 0 Unused Serialized files (Serialized files now loaded: 0)
Unloading 5184 unused Assets / (1.3 MB). Loaded Objects now: 5732.
Memory consumption went from 105.2 MB to 103.8 MB.
Total: 8.802500 ms (FindLiveObjects: 0.566400 ms CreateObjectMapping: 0.403900 ms MarkObjects: 6.214400 ms  DeleteObjects: 1.616500 ms)

Prepare: number of updated asset objects reloaded= 0
========================================================================
Received Import Request.
  Time since last request: 504.628062 seconds.
  path: Assets/Scripts/TileEffectHandler.cs
  artifactKey: Guid(79ce19e7fbc50f64f847ddae11b78a8b) Importer(815301076,1909f56bfc062723c751e8b465ee728b)
Start importing Assets/Scripts/TileEffectHandler.cs using Guid(79ce19e7fbc50f64f847ddae11b78a8b) Importer(815301076,1909f56bfc062723c751e8b465ee728b) (PreviewImporter) -> (artifact id: 'cf8b9dea79c174fcd54384351e7b9c6b') in 0.0045288 seconds
Number of updated asset objects reloaded before import = 0Number of asset objects unloaded after import = 0

========================================================================
Received Prepare
Refreshing native plugins compatible for Editor in 1.64 ms, found 4 plugins.
Preloading 0 native plugins for Editor in 0.00 ms.
Unloading 0 Unused Serialized files (Serialized files now loaded: 0)
Unloading 5184 unused Assets / (1.2 MB). Loaded Objects now: 5732.
Memory consumption went from 105.2 MB to 104.0 MB.
Total: 8.297400 ms (FindLiveObjects: 0.569000 ms CreateObjectMapping: 0.392700 ms MarkObjects: 6.081800 ms  DeleteObjects: 1.252700 ms)

Prepare: number of updated asset objects reloaded= 0
